<?xml version="1.0" encoding="utf-8"?><testsuites name="pytest tests"><testsuite name="pytest" errors="0" failures="0" skipped="0" tests="8" time="1.767" timestamp="2026-07-11T09:30:05.334160+00:00" hostname="agent-env-f5b24d65-a7b1-4ac8-88dd-3cbc96c4b325"><testcase classname="tests.test_scenarios_api" name="test_root" time="0.289" /><testcase classname="tests.test_scenarios_api" name="test_scenarios_stats_shape" time="0.056" /><testcase classname="tests.test_scenarios_api" name="test_bulk_upload_and_phase_derivation" time="0.223" /><testcase classname="tests.test_scenarios_api" name="test_bulk_upload_empty_rejected" time="0.042" /><testcase classname="tests.test_scenarios_api" name="test_list_scenarios_and_filter" time="0.086" /><testcase classname="tests.test_scenarios_api" name="test_random_scenario" time="0.045" /><testcase classname="tests.test_scenarios_api" name="test_delete_scenario_and_verify_removed" time="0.124" /><testcase classname="tests.test_scenarios_api" name="test_delete_non_existent_returns_404" time="0.176" /></testsuite></testsuites>